  boids.cpp
E:\project\visualStudio2019\boids\boids\boids.cpp(32,35): warning C4244: аргумент: преобразование "int" в "float", возможна потеря данных
E:\project\visualStudio2019\boids\boids\boids.cpp(32,28): warning C4244: аргумент: преобразование "int" в "float", возможна потеря данных
E:\project\visualStudio2019\boids\boids\boids.cpp(70,13): warning C4244: =: преобразование "int" в "float", возможна потеря данных
E:\project\visualStudio2019\boids\boids\boids.cpp(70,20): warning C4244: =: преобразование "int" в "float", возможна потеря данных
E:\project\visualStudio2019\boids\boids\boids.cpp(72,13): warning C4244: =: преобразование "int" в "float", возможна потеря данных
E:\project\visualStudio2019\boids\boids\boids.cpp(106,19): warning C4244: =: преобразование "int" в "float", возможна потеря данных
E:\project\visualStudio2019\boids\boids\boids.cpp(107,19): warning C4244: =: преобразование "int" в "float", возможна потеря данных
E:\project\visualStudio2019\boids\boids\boids.cpp(130,33): warning C4244: =: преобразование "double" в "float", возможна потеря данных
E:\project\visualStudio2019\boids\boids\boids.cpp(131,33): warning C4244: =: преобразование "double" в "float", возможна потеря данных
E:\project\visualStudio2019\boids\boids\boids.cpp(180,49): warning C4244: аргумент: преобразование "double" в "float", возможна потеря данных
E:\project\visualStudio2019\boids\boids\boids.cpp(226,15): warning C4244: аргумент: преобразование "time_t" в "unsigned int", возможна потеря данных
E:\project\visualStudio2019\boids\boids\boids.cpp(247,47): warning C4305: аргумент: усечение из "double" в "float"
E:\project\visualStudio2019\boids\boids\boids.cpp(248,53): warning C4305: аргумент: усечение из "double" в "float"
E:\project\visualStudio2019\boids\boids\boids.cpp(249,49): warning C4305: аргумент: усечение из "double" в "float"
E:\project\visualStudio2019\boids\boids\boids.cpp(266,61): warning C4244: аргумент: преобразование "int" в "float", возможна потеря данных
  Создание кода
  228 of 228 functions (100.0%) were compiled.
    3 functions were new in current compilation
    0 functions had inline decision re-evaluated but remain unchanged
  Создание кода завершено
  boids.vcxproj -> E:\project\visualStudio2019\boids\Release\boids.exe
